<?xml version="1.0" encoding="UTF-8"?>
<!-- Generated by org.testng.reporters.JUnitReportReporter -->
<testsuite hostname="LAPTOP-CIV631Q9" failures="0" tests="3" name="login.Unsuccessfullogin" time="15.633" errors="0" timestamp="2024-09-10T18:00:39 IST" skipped="0">
  <testcase classname="login.Unsuccessfullogin" name="openapp" time="4.053"/>
  <system-out/>
  <testcase classname="login.Unsuccessfullogin" name="Invalidlogin" time="1.269"/>
  <system-out/>
  <testcase classname="login.Unsuccessfullogin" name="Errormessage" time="10.311"/>
  <system-out/>
</testsuite> <!-- login.Unsuccessfullogin -->
