<?xml version="1.0" encoding="UTF-8"?>
<!-- Generated by org.testng.reporters.JUnitReportReporter -->
<testsuite hostname="LAPTOP-CIV631Q9" failures="0" tests="3" name="login.Unsuccessfullogin$successfullogin" time="16.893" errors="0" timestamp="2024-09-10T17:48:31 IST" skipped="0">
  <testcase classname="login.Unsuccessfullogin$successfullogin" name="openapp" time="5.476"/>
  <system-out/>
  <testcase classname="login.Unsuccessfullogin$successfullogin" name="Invalidlogin" time="1.166"/>
  <system-out/>
  <testcase classname="login.Unsuccessfullogin$successfullogin" name="LoginPage" time="10.251"/>
  <system-out/>
</testsuite> <!-- login.Unsuccessfullogin$successfullogin -->
