<?xml version="1.0" encoding="UTF-8"?>
<!-- Generated by org.testng.reporters.JUnitReportReporter -->
<testsuite hostname="LAPTOP-CIV631Q9" failures="0" tests="3" name="login.Specialcharacter" time="12.948" errors="0" timestamp="2024-09-10T21:27:30 IST" skipped="0">
  <testcase classname="login.Specialcharacter" name="openapp" time="2.023"/>
  <system-out/>
  <testcase classname="login.Specialcharacter" name="logincharacter" time="0.781"/>
  <system-out/>
  <testcase classname="login.Specialcharacter" name="errormessage" time="10.144"/>
  <system-out/>
</testsuite> <!-- login.Specialcharacter -->
