<?xml version="1.0" encoding="UTF-8"?>
<!-- Generated by org.testng.reporters.JUnitReportReporter -->
<testsuite hostname="LAPTOP-CIV631Q9" failures="0" tests="3" name="login.successfullogin" time="17.226" errors="0" timestamp="2024-09-10T17:00:00 IST" skipped="0">
  <testcase classname="login.successfullogin" name="openapp" time="5.451"/>
  <system-out/>
  <testcase classname="login.successfullogin" name="login" time="1.520"/>
  <system-out/>
  <testcase classname="login.successfullogin" name="LoginPage" time="10.255"/>
  <system-out/>
</testsuite> <!-- login.successfullogin -->
