<?xml version="1.0" encoding="UTF-8"?>
<!-- Generated by org.testng.reporters.JUnitReportReporter -->
<testsuite hostname="LAPTOP-CIV631Q9" failures="0" tests="3" name="login.Emptyfield" time="19.133" errors="0" timestamp="2024-09-10T18:17:28 IST" skipped="0">
  <testcase classname="login.Emptyfield" name="openapp" time="8.433"/>
  <system-out/>
  <testcase classname="login.Emptyfield" name="emptyfield" time="0.400"/>
  <system-out/>
  <testcase classname="login.Emptyfield" name="Errormessage" time="10.300"/>
  <system-out/>
</testsuite> <!-- login.Emptyfield -->
